<?xml version="1.0" encoding="UTF-8"?>
<!-- Generated by org.testng.reporters.JUnitReportReporter -->
<testsuite name="com.optimal.training.fbwithincorrectpwd" tests="1" time="14.847" ignored="0" failures="0" timestamp="02 Jan 2017 22:28:20 GMT" skipped="0" hostname="LAPTOP-SHDNFJ6V" errors="0">
  <testcase name="testingwithcorrectdataandcorrectpassword" time="14.847" classname="com.optimal.training.fbwithincorrectpwd"/>
</testsuite> <!-- com.optimal.training.fbwithincorrectpwd -->
